<?xml version="1.0" encoding="UTF-8"?>
<testsuite name="com.groo.GrooApplicationTests" tests="1" skipped="0" failures="0" errors="0" timestamp="2025-12-18T04:09:38.675Z" hostname="DESKTOP-I4VQI9A" time="0.283">
  <properties/>
  <testcase name="contextLoads()" classname="com.groo.GrooApplicationTests" time="0.283"/>
  <system-out><![CDATA[Standard Commons Logging discovery in action with spring-jcl: please remove commons-logging.jar from classpath in order to avoid potential conflicts
13:09:34.697 [Test worker] INFO org.springframework.test.context.support.AnnotationConfigContextLoaderUtils -- Could not detect default configuration classes for test class [com.groo.GrooApplicationTests]: GrooApplicationTests does not declare any static, non-private, non-final, nested classes annotated with @Configuration.
13:09:34.761 [Test worker] INFO org.springframework.boot.test.context.SpringBootTestContextBootstrapper -- Found @SpringBootConfiguration com.groo.GrooApplication for test class com.groo.GrooApplicationTests

  .   ____          _            __ _ _
 /\\ / ___'_ __ _ _(_)_ __  __ _ \ \ \ \
( ( )\___ | '_ | '_| | '_ \/ _` | \ \ \ \
 \\/  ___)| |_)| | | | | || (_| |  ) ) ) )
  '  |____| .__|_| |_|_| |_\__, | / / / /
 =========|_|==============|___/=/_/_/_/
 :: Spring Boot ::                (v3.2.2)

2025-12-18T13:09:35.008+09:00  INFO 47540 --- [groo-backend] [    Test worker] com.groo.GrooApplicationTests            : Starting GrooApplicationTests using Java 17.0.16 with PID 47540 (started by jcolab in C:\Daeun\4-2\WSD\GROO\backend)
2025-12-18T13:09:35.009+09:00 DEBUG 47540 --- [groo-backend] [    Test worker] com.groo.GrooApplicationTests            : Running with Spring Boot v3.2.2, Spring v6.1.3
2025-12-18T13:09:35.009+09:00  INFO 47540 --- [groo-backend] [    Test worker] com.groo.GrooApplicationTests            : No active profile set, falling back to 1 default profile: "default"
2025-12-18T13:09:35.467+09:00  INFO 47540 --- [groo-backend] [    Test worker] .s.d.r.c.RepositoryConfigurationDelegate : Bootstrapping Spring Data JPA repositories in DEFAULT mode.
2025-12-18T13:09:35.514+09:00  INFO 47540 --- [groo-backend] [    Test worker] .s.d.r.c.RepositoryConfigurationDelegate : Finished Spring Data repository scanning in 37 ms. Found 9 JPA repository interfaces.
2025-12-18T13:09:35.914+09:00  INFO 47540 --- [groo-backend] [    Test worker] o.hibernate.jpa.internal.util.LogHelper  : HHH000204: Processing PersistenceUnitInfo [name: default]
2025-12-18T13:09:36.042+09:00  INFO 47540 --- [groo-backend] [    Test worker] org.hibernate.Version                    : HHH000412: Hibernate ORM core version 6.4.1.Final
2025-12-18T13:09:36.073+09:00  INFO 47540 --- [groo-backend] [    Test worker] o.h.c.internal.RegionFactoryInitiator    : HHH000026: Second-level cache disabled
2025-12-18T13:09:36.224+09:00  INFO 47540 --- [groo-backend] [    Test worker] o.s.o.j.p.SpringPersistenceUnitInfo      : No LoadTimeWeaver setup: ignoring JPA class transformer
2025-12-18T13:09:36.239+09:00  INFO 47540 --- [groo-backend] [    Test worker] com.zaxxer.hikari.HikariDataSource       : HikariPool-1 - Starting...
2025-12-18T13:09:36.318+09:00  INFO 47540 --- [groo-backend] [    Test worker] com.zaxxer.hikari.pool.HikariPool        : HikariPool-1 - Added connection conn0: url=jdbc:h2:mem:groodb user=SA
2025-12-18T13:09:36.319+09:00  INFO 47540 --- [groo-backend] [    Test worker] com.zaxxer.hikari.HikariDataSource       : HikariPool-1 - Start completed.
2025-12-18T13:09:36.851+09:00  INFO 47540 --- [groo-backend] [    Test worker] o.h.e.t.j.p.i.JtaPlatformInitiator       : HHH000489: No JTA platform available (set 'hibernate.transaction.jta.platform' to enable JTA platform integration)
2025-12-18T13:09:36.903+09:00  INFO 47540 --- [groo-backend] [    Test worker] j.LocalContainerEntityManagerFactoryBean : Initialized JPA EntityManagerFactory for persistence unit 'default'
2025-12-18T13:09:38.216+09:00  INFO 47540 --- [groo-backend] [    Test worker] o.s.s.web.DefaultSecurityFilterChain     : Will secure any request with [org.springframework.security.web.session.DisableEncodeUrlFilter@77a35b2f, org.springframework.security.web.context.request.async.WebAsyncManagerIntegrationFilter@755057c7, org.springframework.security.web.context.SecurityContextHolderFilter@4cd13fad, org.springframework.security.web.header.HeaderWriterFilter@1c3eeda4, org.springframework.web.filter.CorsFilter@4d62bb8b, org.springframework.security.web.authentication.logout.LogoutFilter@75e068dc, com.groo.security.JwtAuthenticationFilter@59ac60d1, org.springframework.security.web.savedrequest.RequestCacheAwareFilter@3a5244a1, org.springframework.security.web.servletapi.SecurityContextHolderAwareRequestFilter@4d37c996, org.springframework.security.web.authentication.AnonymousAuthenticationFilter@70f37190, org.springframework.security.web.session.SessionManagementFilter@3678f32e, org.springframework.security.web.access.ExceptionTranslationFilter@3eb6d7a9, org.springframework.security.web.access.intercept.AuthorizationFilter@4cce889e]
2025-12-18T13:09:38.667+09:00  INFO 47540 --- [groo-backend] [    Test worker] com.groo.GrooApplicationTests            : Started GrooApplicationTests in 3.817 seconds (process running for 4.512)
]]></system-out>
  <system-err><![CDATA[]]></system-err>
</testsuite>
