<?xml version="1.0" encoding="UTF-8"?>
<testsuite name="com.groo.GrooApplicationTests" tests="1" skipped="0" failures="0" errors="0" timestamp="2025-12-18T03:29:42.709Z" hostname="DESKTOP-I4VQI9A" time="0.251">
  <properties/>
  <testcase name="contextLoads()" classname="com.groo.GrooApplicationTests" time="0.251"/>
  <system-out><![CDATA[Standard Commons Logging discovery in action with spring-jcl: please remove commons-logging.jar from classpath in order to avoid potential conflicts
12:29:38.976 [Test worker] INFO org.springframework.test.context.support.AnnotationConfigContextLoaderUtils -- Could not detect default configuration classes for test class [com.groo.GrooApplicationTests]: GrooApplicationTests does not declare any static, non-private, non-final, nested classes annotated with @Configuration.
12:29:39.033 [Test worker] INFO org.springframework.boot.test.context.SpringBootTestContextBootstrapper -- Found @SpringBootConfiguration com.groo.GrooApplication for test class com.groo.GrooApplicationTests

  .   ____          _            __ _ _
 /\\ / ___'_ __ _ _(_)_ __  __ _ \ \ \ \
( ( )\___ | '_ | '_| | '_ \/ _` | \ \ \ \
 \\/  ___)| |_)| | | | | || (_| |  ) ) ) )
  '  |____| .__|_| |_|_| |_\__, | / / / /
 =========|_|==============|___/=/_/_/_/
 :: Spring Boot ::                (v3.2.2)

2025-12-18T12:29:39.278+09:00  INFO 45512 --- [groo-backend] [    Test worker] com.groo.GrooApplicationTests            : Starting GrooApplicationTests using Java 17.0.16 with PID 45512 (started by jcolab in C:\Daeun\4-2\WSD\GROO\backend)
2025-12-18T12:29:39.278+09:00 DEBUG 45512 --- [groo-backend] [    Test worker] com.groo.GrooApplicationTests            : Running with Spring Boot v3.2.2, Spring v6.1.3
2025-12-18T12:29:39.278+09:00  INFO 45512 --- [groo-backend] [    Test worker] com.groo.GrooApplicationTests            : No active profile set, falling back to 1 default profile: "default"
2025-12-18T12:29:39.767+09:00  INFO 45512 --- [groo-backend] [    Test worker] .s.d.r.c.RepositoryConfigurationDelegate : Bootstrapping Spring Data JPA repositories in DEFAULT mode.
2025-12-18T12:29:39.810+09:00  INFO 45512 --- [groo-backend] [    Test worker] .s.d.r.c.RepositoryConfigurationDelegate : Finished Spring Data repository scanning in 32 ms. Found 4 JPA repository interfaces.
2025-12-18T12:29:40.187+09:00  INFO 45512 --- [groo-backend] [    Test worker] o.hibernate.jpa.internal.util.LogHelper  : HHH000204: Processing PersistenceUnitInfo [name: default]
2025-12-18T12:29:40.302+09:00  INFO 45512 --- [groo-backend] [    Test worker] org.hibernate.Version                    : HHH000412: Hibernate ORM core version 6.4.1.Final
2025-12-18T12:29:40.361+09:00  INFO 45512 --- [groo-backend] [    Test worker] o.h.c.internal.RegionFactoryInitiator    : HHH000026: Second-level cache disabled
2025-12-18T12:29:40.492+09:00  INFO 45512 --- [groo-backend] [    Test worker] o.s.o.j.p.SpringPersistenceUnitInfo      : No LoadTimeWeaver setup: ignoring JPA class transformer
2025-12-18T12:29:40.505+09:00  INFO 45512 --- [groo-backend] [    Test worker] com.zaxxer.hikari.HikariDataSource       : HikariPool-1 - Starting...
2025-12-18T12:29:40.585+09:00  INFO 45512 --- [groo-backend] [    Test worker] com.zaxxer.hikari.pool.HikariPool        : HikariPool-1 - Added connection conn0: url=jdbc:h2:mem:groodb user=SA
2025-12-18T12:29:40.586+09:00  INFO 45512 --- [groo-backend] [    Test worker] com.zaxxer.hikari.HikariDataSource       : HikariPool-1 - Start completed.
2025-12-18T12:29:41.071+09:00  INFO 45512 --- [groo-backend] [    Test worker] o.h.e.t.j.p.i.JtaPlatformInitiator       : HHH000489: No JTA platform available (set 'hibernate.transaction.jta.platform' to enable JTA platform integration)
2025-12-18T12:29:41.113+09:00  INFO 45512 --- [groo-backend] [    Test worker] j.LocalContainerEntityManagerFactoryBean : Initialized JPA EntityManagerFactory for persistence unit 'default'
2025-12-18T12:29:42.316+09:00  INFO 45512 --- [groo-backend] [    Test worker] o.s.s.web.DefaultSecurityFilterChain     : Will secure any request with [org.springframework.security.web.session.DisableEncodeUrlFilter@5687ba39, org.springframework.security.web.context.request.async.WebAsyncManagerIntegrationFilter@3fbf66e7, org.springframework.security.web.context.SecurityContextHolderFilter@593db293, org.springframework.security.web.header.HeaderWriterFilter@2c9af700, org.springframework.web.filter.CorsFilter@6abbdcde, org.springframework.security.web.authentication.logout.LogoutFilter@4feea86f, com.groo.security.JwtAuthenticationFilter@6a827b0c, org.springframework.security.web.savedrequest.RequestCacheAwareFilter@602d5417, org.springframework.security.web.servletapi.SecurityContextHolderAwareRequestFilter@75128cf, org.springframework.security.web.authentication.AnonymousAuthenticationFilter@41ad6c00, org.springframework.security.web.session.SessionManagementFilter@59da4992, org.springframework.security.web.access.ExceptionTranslationFilter@44b1d2fa, org.springframework.security.web.access.intercept.AuthorizationFilter@72b4ecb2]
2025-12-18T12:29:42.702+09:00  INFO 45512 --- [groo-backend] [    Test worker] com.groo.GrooApplicationTests            : Started GrooApplicationTests in 3.579 seconds (process running for 4.266)
]]></system-out>
  <system-err><![CDATA[]]></system-err>
</testsuite>
